c:\users\henkka\desktop\c++ 2017-18\projektit\2d terraria-like game\2d terraria-like game\release\vc140.pdb
c:\users\henkka\desktop\työpöytä\c++ 2017-18\projektit\2d terraria-like game\2d terraria-like game\release\vc140.pdb
c:\users\henkka\desktop\työpöytä\c++ 2017-18\projektit\2d terraria-like game\2d terraria-like game\release\texture.obj
c:\users\henkka\desktop\työpöytä\c++ 2017-18\projektit\2d terraria-like game\2d terraria-like game\release\stb_image.obj
c:\users\henkka\desktop\työpöytä\c++ 2017-18\projektit\2d terraria-like game\2d terraria-like game\release\shader.obj
c:\users\henkka\desktop\työpöytä\c++ 2017-18\projektit\2d terraria-like game\2d terraria-like game\release\fastnoise.obj
c:\users\henkka\desktop\työpöytä\c++ 2017-18\projektit\2d terraria-like game\2d terraria-like game\release\glm.obj
c:\users\henkka\desktop\työpöytä\c++ 2017-18\projektit\2d terraria-like game\2d terraria-like game\release\resourcemanager.obj
c:\users\henkka\desktop\työpöytä\c++ 2017-18\projektit\2d terraria-like game\2d terraria-like game\release\statemanager.obj
c:\users\henkka\desktop\työpöytä\c++ 2017-18\projektit\2d terraria-like game\2d terraria-like game\release\main.obj
c:\users\henkka\desktop\työpöytä\c++ 2017-18\projektit\2d terraria-like game\2d terraria-like game\release\renderer.obj
c:\users\henkka\desktop\työpöytä\c++ 2017-18\projektit\2d terraria-like game\2d terraria-like game\release\gameobject.obj
c:\users\henkka\desktop\työpöytä\c++ 2017-18\projektit\2d terraria-like game\2d terraria-like game\release\world.obj
c:\users\henkka\desktop\työpöytä\c++ 2017-18\projektit\2d terraria-like game\2d terraria-like game\release\playerinteraction.obj
c:\users\henkka\desktop\työpöytä\c++ 2017-18\projektit\2d terraria-like game\2d terraria-like game\release\chunk.obj
c:\users\henkka\desktop\työpöytä\c++ 2017-18\projektit\2d terraria-like game\2d terraria-like game\release\tile.obj
c:\users\henkka\desktop\työpöytä\c++ 2017-18\projektit\2d terraria-like game\2d terraria-like game\release\player.obj
c:\users\henkka\desktop\työpöytä\c++ 2017-18\projektit\2d terraria-like game\2d terraria-like game\release\camera.obj
c:\users\henkka\desktop\työpöytä\c++ 2017-18\projektit\2d terraria-like game\2d terraria-like game\release\game.obj
c:\users\henkka\desktop\työpöytä\c++ 2017-18\projektit\2d terraria-like game\release\2d game project.exe
c:\users\henkka\desktop\työpöytä\c++ 2017-18\projektit\2d terraria-like game\release\2d game project.ipdb
c:\users\henkka\desktop\työpöytä\c++ 2017-18\projektit\2d terraria-like game\release\2d game project.iobj
c:\users\henkka\desktop\työpöytä\c++ 2017-18\projektit\2d terraria-like game\release\2d game project.pdb
c:\users\henkka\desktop\työpöytä\c++ 2017-18\projektit\2d terraria-like game\2d terraria-like game\release\block.obj
c:\users\henkka\desktop\työpöytä\c++ 2017-18\projektit\2d terraria-like game\2d terraria-like game\release\light.obj
c:\users\henkka\desktop\työpöytä\c++ 2017-18\projektit\2d terraria-like game\2d terraria-like game\release\2d game project.tlog\cl.command.1.tlog
c:\users\henkka\desktop\työpöytä\c++ 2017-18\projektit\2d terraria-like game\2d terraria-like game\release\2d game project.tlog\cl.read.1.tlog
c:\users\henkka\desktop\työpöytä\c++ 2017-18\projektit\2d terraria-like game\2d terraria-like game\release\2d game project.tlog\cl.write.1.tlog
c:\users\henkka\desktop\työpöytä\c++ 2017-18\projektit\2d terraria-like game\2d terraria-like game\release\2d game project.tlog\link.command.1.tlog
c:\users\henkka\desktop\työpöytä\c++ 2017-18\projektit\2d terraria-like game\2d terraria-like game\release\2d game project.tlog\link.read.1.tlog
c:\users\henkka\desktop\työpöytä\c++ 2017-18\projektit\2d terraria-like game\2d terraria-like game\release\2d game project.tlog\link.write.1.tlog
